<?xml version="1.0" encoding="UTF-8"?>
<testng-results skipped="0" failed="0" ignored="0" total="1" passed="1">
  <reporter-output>
  </reporter-output>
  <suite name="Default suite" duration-ms="1011" started-at="2019-04-17T00:19:22Z" finished-at="2019-04-17T00:19:23Z">
    <groups>
    </groups>
    <test name="Default test" duration-ms="1011" started-at="2019-04-17T00:19:22Z" finished-at="2019-04-17T00:19:23Z">
      <class name="com.db.config.test.DBconfigTest">
        <test-method status="PASS" signature="dbConfigTest()[pri:0, instance:com.db.config.test.DBconfigTest@32d992b2]" name="dbConfigTest" duration-ms="948" started-at="2019-04-17T00:19:22Z" finished-at="2019-04-17T00:19:23Z">
          <reporter-output>
          </reporter-output>
        </test-method> <!-- dbConfigTest -->
      </class> <!-- com.db.config.test.DBconfigTest -->
    </test> <!-- Default test -->
  </suite> <!-- Default suite -->
</testng-results>
